HI
[2026-02-04 12:17:32] local.ERROR: Command "schedule:last" is not defined.

Did you mean one of these?
    channel:list
    event:list
    make:cast
    route:list
    schedule:clear-cache
    schedule:interrupt
    schedule:list
    schedule:run
    schedule:test
    schedule:work {"exception":"[object] (Symfony\\Component\\Console\\Exception\\CommandNotFoundException(code: 0): Command \"schedule:last\" is not defined.

Did you mean one of these?
    channel:list
    event:list
    make:cast
    route:list
    schedule:clear-cache
    schedule:interrupt
    schedule:list
    schedule:run
    schedule:test
    schedule:work at /var/www/html/php/laravel/laravel12/shipment_api/vendor/symfony/console/Application.php:759)
[stacktrace]
#0 /var/www/html/php/laravel/laravel12/shipment_api/vendor/symfony/console/Application.php(298): Symfony\\Component\\Console\\Application->find()
#1 /var/www/html/php/laravel/laravel12/shipment_api/vendor/symfony/console/Application.php(195): Symfony\\Component\\Console\\Application->doRun()
#2 /var/www/html/php/laravel/laravel12/shipment_api/vendor/laravel/framework/src/Illuminate/Foundation/Console/Kernel.php(198): Symfony\\Component\\Console\\Application->run()
#3 /var/www/html/php/laravel/laravel12/shipment_api/vendor/laravel/framework/src/Illuminate/Foundation/Application.php(1235): Illuminate\\Foundation\\Console\\Kernel->handle()
#4 /var/www/html/php/laravel/laravel12/shipment_api/artisan(16): Illuminate\\Foundation\\Application->handleCommand()
#5 {main}
"} 
[2026-02-04 12:44:37] local.ERROR: Method Illuminate\Console\Scheduling\Event::onError does not exist. {"exception":"[object] (BadMethodCallException(code: 0): Method Illuminate\\Console\\Scheduling\\Event::onError does not exist. at /var/www/html/php/laravel/laravel12/shipment_api/vendor/laravel/framework/src/Illuminate/Macroable/Traits/Macroable.php:115)
[stacktrace]
#0 /var/www/html/php/laravel/laravel12/shipment_api/routes/console.php(12): Illuminate\\Console\\Scheduling\\Event->__call()
#1 /var/www/html/php/laravel/laravel12/shipment_api/vendor/laravel/framework/src/Illuminate/Foundation/Console/Kernel.php(523): require('...')
#2 /var/www/html/php/laravel/laravel12/shipment_api/vendor/laravel/framework/src/Illuminate/Foundation/Console/Kernel.php(503): Illuminate\\Foundation\\Console\\Kernel->discoverCommands()
#3 /var/www/html/php/laravel/laravel12/shipment_api/vendor/laravel/framework/src/Illuminate/Foundation/Console/Kernel.php(196): Illuminate\\Foundation\\Console\\Kernel->bootstrap()
#4 /var/www/html/php/laravel/laravel12/shipment_api/vendor/laravel/framework/src/Illuminate/Foundation/Application.php(1235): Illuminate\\Foundation\\Console\\Kernel->handle()
#5 /var/www/html/php/laravel/laravel12/shipment_api/artisan(16): Illuminate\\Foundation\\Application->handleCommand()
#6 {main}
"} 
[2026-02-04 13:31:08] local.ERROR: There are no commands defined in the "clear" namespace. {"exception":"[object] (Symfony\\Component\\Console\\Exception\\NamespaceNotFoundException(code: 0): There are no commands defined in the \"clear\" namespace. at /var/www/html/php/laravel/laravel12/shipment_api/vendor/symfony/console/Application.php:694)
[stacktrace]
#0 /var/www/html/php/laravel/laravel12/shipment_api/vendor/symfony/console/Application.php(743): Symfony\\Component\\Console\\Application->findNamespace()
#1 /var/www/html/php/laravel/laravel12/shipment_api/vendor/symfony/console/Application.php(298): Symfony\\Component\\Console\\Application->find()
#2 /var/www/html/php/laravel/laravel12/shipment_api/vendor/symfony/console/Application.php(195): Symfony\\Component\\Console\\Application->doRun()
#3 /var/www/html/php/laravel/laravel12/shipment_api/vendor/laravel/framework/src/Illuminate/Foundation/Console/Kernel.php(198): Symfony\\Component\\Console\\Application->run()
#4 /var/www/html/php/laravel/laravel12/shipment_api/vendor/laravel/framework/src/Illuminate/Foundation/Application.php(1235): Illuminate\\Foundation\\Console\\Kernel->handle()
#5 /var/www/html/php/laravel/laravel12/shipment_api/artisan(16): Illuminate\\Foundation\\Application->handleCommand()
#6 {main}
"} 
[2026-02-04 13:31:15] local.ERROR: There are no commands defined in the "clear" namespace. {"exception":"[object] (Symfony\\Component\\Console\\Exception\\NamespaceNotFoundException(code: 0): There are no commands defined in the \"clear\" namespace. at /var/www/html/php/laravel/laravel12/shipment_api/vendor/symfony/console/Application.php:694)
[stacktrace]
#0 /var/www/html/php/laravel/laravel12/shipment_api/vendor/symfony/console/Application.php(743): Symfony\\Component\\Console\\Application->findNamespace()
#1 /var/www/html/php/laravel/laravel12/shipment_api/vendor/symfony/console/Application.php(298): Symfony\\Component\\Console\\Application->find()
#2 /var/www/html/php/laravel/laravel12/shipment_api/vendor/symfony/console/Application.php(195): Symfony\\Component\\Console\\Application->doRun()
#3 /var/www/html/php/laravel/laravel12/shipment_api/vendor/laravel/framework/src/Illuminate/Foundation/Console/Kernel.php(198): Symfony\\Component\\Console\\Application->run()
#4 /var/www/html/php/laravel/laravel12/shipment_api/vendor/laravel/framework/src/Illuminate/Foundation/Application.php(1235): Illuminate\\Foundation\\Console\\Kernel->handle()
#5 /var/www/html/php/laravel/laravel12/shipment_api/artisan(16): Illuminate\\Foundation\\Application->handleCommand()
#6 {main}
"} 
