Creating shipment for 2026-02-06...  ✓ Created shipment for 2026-02-06 - 0ZP-80943341    ✓ Exported log: /var/www/html/php/laravel/laravel12/shipment_api/storage/logs/shipments/2026-02-06_010001.json
Summary:  Created: 1Starting daily upload to GitHub...
✓ Successfully uploaded to GitHub
Creating shipment for 2026-02-07...  ✓ Created shipment for 2026-02-07 - 2MS-69062410    ✓ Exported log: /var/www/html/php/laravel/laravel12/shipment_api/storage/logs/shipments/2026-02-07_010001.json
Summary:  Created: 1Starting daily upload to GitHub...
✓ Successfully uploaded to GitHub
Creating shipment for 2026-02-08...  ✓ Created shipment for 2026-02-08 - 9M5-22326247    ✓ Exported log: /var/www/html/php/laravel/laravel12/shipment_api/storage/logs/shipments/2026-02-08_010001.json
Summary:  Created: 1Starting daily upload to GitHub...
✓ Successfully uploaded to GitHub
Creating shipment for 2026-02-09...  ✓ Created shipment for 2026-02-09 - FCF-99367333    ✓ Exported log: /var/www/html/php/laravel/laravel12/shipment_api/storage/logs/shipments/2026-02-09_010001.json
Summary:  Created: 1Starting daily upload to GitHub...
✓ Successfully uploaded to GitHub
Creating shipment for 2026-02-10...  ✓ Created shipment for 2026-02-10 - M24-56143236    ✓ Exported log: /var/www/html/php/laravel/laravel12/shipment_api/storage/logs/shipments/2026-02-10_010001.json
Summary:  Created: 1Starting daily upload to GitHub...
✓ Successfully uploaded to GitHub
Creating shipment for 2026-02-11...  ✓ Created shipment for 2026-02-11 - UCQ-52297710    ✓ Exported log: /var/www/html/php/laravel/laravel12/shipment_api/storage/logs/shipments/2026-02-11_010001.json
Summary:  Created: 1Starting daily upload to GitHub...
✓ Successfully uploaded to GitHub
Creating shipment for 2026-02-12...  ✓ Created shipment for 2026-02-12 - 2LD-43039936    ✓ Exported log: /var/www/html/php/laravel/laravel12/shipment_api/storage/logs/shipments/2026-02-12_010001.json
Summary:  Created: 1Starting daily upload to GitHub...
✗ Failed to push to GitHub
error: src refspec master does not match any
error: failed to push some refs to 'https://github.com/justaguyfrom92/shipment_api.git'

Creating shipment for 2026-02-13...  ✓ Created shipment for 2026-02-13 - JFU-73871145    ✓ Exported log: /var/www/html/php/laravel/laravel12/shipment_api/storage/logs/shipments/2026-02-13_010001.json
Summary:  Created: 1Starting daily upload to GitHub...
✗ Failed to push to GitHub
error: src refspec master does not match any
error: failed to push some refs to 'https://github.com/justaguyfrom92/shipment_api.git'

Creating shipment for 2026-02-14...  ✓ Created shipment for 2026-02-14 - S3V-59229193    ✓ Exported log: /var/www/html/php/laravel/laravel12/shipment_api/storage/logs/shipments/2026-02-14_010001.json
Summary:  Created: 1Starting daily upload to GitHub...
✗ Failed to push to GitHub
error: src refspec master does not match any
error: failed to push some refs to 'https://github.com/justaguyfrom92/shipment_api.git'

Creating shipment for 2026-02-15...  ✓ Created shipment for 2026-02-15 - SQU-30054947    ✓ Exported log: /var/www/html/php/laravel/laravel12/shipment_api/storage/logs/shipments/2026-02-15_010001.json
Summary:  Created: 1Starting daily upload to GitHub...
✗ Failed to push to GitHub
error: src refspec master does not match any
error: failed to push some refs to 'https://github.com/justaguyfrom92/shipment_api.git'

Creating shipment for 2026-02-16...  ✓ Created shipment for 2026-02-16 - G4P-82619324    ✓ Exported log: /var/www/html/php/laravel/laravel12/shipment_api/storage/logs/shipments/2026-02-16_010001.json
Summary:  Created: 1Starting daily upload to GitHub...
✗ Failed to push to GitHub
error: src refspec master does not match any
error: failed to push some refs to 'https://github.com/justaguyfrom92/shipment_api.git'

Creating shipment for 2026-02-17...  ✓ Created shipment for 2026-02-17 - HLS-67421809    ✓ Exported log: /var/www/html/php/laravel/laravel12/shipment_api/storage/logs/shipments/2026-02-17_010002.json
Summary:  Created: 1Starting daily upload to GitHub...
✗ Failed to push to GitHub
error: src refspec master does not match any
error: failed to push some refs to 'https://github.com/justaguyfrom92/shipment_api.git'

Creating shipment for 2026-02-18...  ✓ Created shipment for 2026-02-18 - PZH-97621304    ✓ Exported log: /var/www/html/php/laravel/laravel12/shipment_api/storage/logs/shipments/2026-02-18_010001.json
Summary:  Created: 1Starting daily upload to GitHub...
✗ Failed to push to GitHub
error: src refspec master does not match any
error: failed to push some refs to 'https://github.com/justaguyfrom92/shipment_api.git'

Creating shipment for 2026-02-19...  ✓ Created shipment for 2026-02-19 - 9DP-86811704    ✓ Exported log: /var/www/html/php/laravel/laravel12/shipment_api/storage/logs/shipments/2026-02-19_010001.json
Summary:  Created: 1Starting daily upload to GitHub...
✗ Failed to push to GitHub
error: src refspec master does not match any
error: failed to push some refs to 'https://github.com/justaguyfrom92/shipment_api.git'

Creating shipment for 2026-02-20...  ✓ Created shipment for 2026-02-20 - HDU-86657800    ✓ Exported log: /var/www/html/php/laravel/laravel12/shipment_api/storage/logs/shipments/2026-02-20_010001.json
Summary:  Created: 1Starting daily upload to GitHub...
✗ Failed to push to GitHub
error: src refspec master does not match any
error: failed to push some refs to 'https://github.com/justaguyfrom92/shipment_api.git'

Creating shipment for 2026-02-21...  ✓ Created shipment for 2026-02-21 - NJT-64174491    ✓ Exported log: /var/www/html/php/laravel/laravel12/shipment_api/storage/logs/shipments/2026-02-21_010001.json
Summary:  Created: 1Starting daily upload to GitHub...
✗ Failed to push to GitHub
error: src refspec master does not match any
error: failed to push some refs to 'https://github.com/justaguyfrom92/shipment_api.git'

Creating shipment for 2026-02-22...  ✓ Created shipment for 2026-02-22 - 9QX-98492880    ✓ Exported log: /var/www/html/php/laravel/laravel12/shipment_api/storage/logs/shipments/2026-02-22_010001.json
Summary:  Created: 1Starting daily upload to GitHub...
✗ Failed to push to GitHub
error: src refspec master does not match any
error: failed to push some refs to 'https://github.com/justaguyfrom92/shipment_api.git'

Creating shipment for 2026-02-23...  ✓ Created shipment for 2026-02-23 - G2M-75384114    ✓ Exported log: /var/www/html/php/laravel/laravel12/shipment_api/storage/logs/shipments/2026-02-23_010002.json
Summary:  Created: 1Starting daily upload to GitHub...
✗ Failed to push to GitHub
error: src refspec master does not match any
error: failed to push some refs to 'https://github.com/justaguyfrom92/shipment_api.git'

Creating shipment for 2026-02-24...  ✓ Created shipment for 2026-02-24 - 93L-11793815    ✓ Exported log: /var/www/html/php/laravel/laravel12/shipment_api/storage/logs/shipments/2026-02-24_010002.json
Summary:  Created: 1Starting daily upload to GitHub...
✓ Successfully uploaded to GitHub
Creating shipment for 2026-02-25...  ✓ Created shipment for 2026-02-25 - SJY-35381870    ✓ Exported log: /var/www/html/php/laravel/laravel12/shipment_api/storage/logs/shipments/2026-02-25_010001.json
Summary:  Created: 1Starting daily upload to GitHub...
✓ Successfully uploaded to GitHub
Creating shipment for 2026-02-26...  ✓ Created shipment for 2026-02-26 - PPZ-90342931    ✓ Exported log: /var/www/html/php/laravel/laravel12/shipment_api/storage/logs/shipments/2026-02-26_010001.json
Summary:  Created: 1Starting daily upload to GitHub...
✓ Successfully uploaded to GitHub
Creating shipment for 2026-02-27...  ✓ Created shipment for 2026-02-27 - PDV-97859535    ✓ Exported log: /var/www/html/php/laravel/laravel12/shipment_api/storage/logs/shipments/2026-02-27_010001.json
Summary:  Created: 1Starting daily upload to GitHub...
✓ Successfully uploaded to GitHub
Creating shipment for 2026-02-28...  ✓ Created shipment for 2026-02-28 - XHI-77394819    ✓ Exported log: /var/www/html/php/laravel/laravel12/shipment_api/storage/logs/shipments/2026-02-28_010001.json
Summary:  Created: 1Starting daily upload to GitHub...
✓ Successfully uploaded to GitHub
Creating shipment for 2026-03-01...  ✓ Created shipment for 2026-03-01 - BMZ-57703891    ✓ Exported log: /var/www/html/php/laravel/laravel12/shipment_api/storage/logs/shipments/2026-03-01_010001.json
Summary:  Created: 1Starting daily upload to GitHub...
✓ Successfully uploaded to GitHub
Creating shipment for 2026-03-02...  ✓ Created shipment for 2026-03-02 - VN1-49733013    ✓ Exported log: /var/www/html/php/laravel/laravel12/shipment_api/storage/logs/shipments/2026-03-02_010001.json
Summary:  Created: 1Starting daily upload to GitHub...
✓ Successfully uploaded to GitHub
Creating shipment for 2026-03-03...  ✓ Created shipment for 2026-03-03 - DQB-50646920    ✓ Exported log: /var/www/html/php/laravel/laravel12/shipment_api/storage/logs/shipments/2026-03-03_010002.json
Summary:  Created: 1Starting daily upload to GitHub...
✓ Successfully uploaded to GitHub
Creating shipment for 2026-03-04...  ✓ Created shipment for 2026-03-04 - X49-56068435    ✓ Exported log: /var/www/html/php/laravel/laravel12/shipment_api/storage/logs/shipments/2026-03-04_010001.json
Summary:  Created: 1Starting daily upload to GitHub...
✓ Successfully uploaded to GitHub
Creating shipment for 2026-03-05...  ✓ Created shipment for 2026-03-05 - GKR-35968496    ✓ Exported log: /var/www/html/php/laravel/laravel12/shipment_api/storage/logs/shipments/2026-03-05_010001.json
Summary:  Created: 1Starting daily upload to GitHub...
✓ Successfully uploaded to GitHub
Creating shipment for 2026-03-06...  ✓ Created shipment for 2026-03-06 - Z3S-68929164    ✓ Exported log: /var/www/html/php/laravel/laravel12/shipment_api/storage/logs/shipments/2026-03-06_010002.json
Summary:  Created: 1Starting daily upload to GitHub...
✓ Successfully uploaded to GitHub
Creating shipment for 2026-03-07...  ✓ Created shipment for 2026-03-07 - VC7-66948168    ✓ Exported log: /var/www/html/php/laravel/laravel12/shipment_api/storage/logs/shipments/2026-03-07_010002.json
Summary:  Created: 1Starting daily upload to GitHub...
✓ Successfully uploaded to GitHub
Creating shipment for 2026-03-08...  ✓ Created shipment for 2026-03-08 - ODQ-38182170    ✓ Exported log: /var/www/html/php/laravel/laravel12/shipment_api/storage/logs/shipments/2026-03-08_010001.json
Summary:  Created: 1Starting daily upload to GitHub...
✓ Successfully uploaded to GitHub
Creating shipment for 2026-03-09...  ✓ Created shipment for 2026-03-09 - YAL-20479973    ✓ Exported log: /var/www/html/php/laravel/laravel12/shipment_api/storage/logs/shipments/2026-03-09_010001.json
Summary:  Created: 1Starting daily upload to GitHub...
✓ Successfully uploaded to GitHub
Creating shipment for 2026-03-10...  ✓ Created shipment for 2026-03-10 - ZFO-23436785    ✓ Exported log: /var/www/html/php/laravel/laravel12/shipment_api/storage/logs/shipments/2026-03-10_010002.json
Summary:  Created: 1Starting daily upload to GitHub...
✓ Successfully uploaded to GitHub
Creating shipment for 2026-03-11...  ✓ Created shipment for 2026-03-11 - PKB-96509247    ✓ Exported log: /var/www/html/php/laravel/laravel12/shipment_api/storage/logs/shipments/2026-03-11_010001.json
Summary:  Created: 1Starting daily upload to GitHub...
✓ Successfully uploaded to GitHub
Creating shipment for 2026-03-12...  ✓ Created shipment for 2026-03-12 - 3DB-72148422    ✓ Exported log: /var/www/html/php/laravel/laravel12/shipment_api/storage/logs/shipments/2026-03-12_010002.json
Summary:  Created: 1Starting daily upload to GitHub...
✓ Successfully uploaded to GitHub
Creating shipment for 2026-03-13...  ✓ Created shipment for 2026-03-13 - YQN-84844751    ✓ Exported log: /var/www/html/php/laravel/laravel12/shipment_api/storage/logs/shipments/2026-03-13_010002.json
Summary:  Created: 1Starting daily upload to GitHub...
✓ Successfully uploaded to GitHub
Creating shipment for 2026-03-14...  ✓ Created shipment for 2026-03-14 - QDA-56043633    ✓ Exported log: /var/www/html/php/laravel/laravel12/shipment_api/storage/logs/shipments/2026-03-14_010001.json
Summary:  Created: 1Starting daily upload to GitHub...
✓ Successfully uploaded to GitHub
Creating shipment for 2026-03-15...  ✓ Created shipment for 2026-03-15 - COP-99865677    ✓ Exported log: /var/www/html/php/laravel/laravel12/shipment_api/storage/logs/shipments/2026-03-15_010001.json
Summary:  Created: 1Starting daily upload to GitHub...
✓ Successfully uploaded to GitHub
Creating shipment for 2026-03-16...  ✓ Created shipment for 2026-03-16 - 1ST-96116041    ✓ Exported log: /var/www/html/php/laravel/laravel12/shipment_api/storage/logs/shipments/2026-03-16_010001.json
Summary:  Created: 1Starting daily upload to GitHub...
✓ Successfully uploaded to GitHub
Creating shipment for 2026-03-17...  ✓ Created shipment for 2026-03-17 - BPV-70367529    ✓ Exported log: /var/www/html/php/laravel/laravel12/shipment_api/storage/logs/shipments/2026-03-17_010003.json
Summary:  Created: 1Starting daily upload to GitHub...
✓ Successfully uploaded to GitHub
Creating shipment for 2026-03-18...  ✓ Created shipment for 2026-03-18 - USY-91535833    ✓ Exported log: /var/www/html/php/laravel/laravel12/shipment_api/storage/logs/shipments/2026-03-18_010001.json
Summary:  Created: 1Starting daily upload to GitHub...
✓ Successfully uploaded to GitHub
Creating shipment for 2026-03-19...  ✓ Created shipment for 2026-03-19 - R8D-43166761    ✓ Exported log: /var/www/html/php/laravel/laravel12/shipment_api/storage/logs/shipments/2026-03-19_010001.json
Summary:  Created: 1Starting daily upload to GitHub...
✓ Successfully uploaded to GitHub
Creating shipment for 2026-03-20...  ✓ Created shipment for 2026-03-20 - MEP-42653476    ✓ Exported log: /var/www/html/php/laravel/laravel12/shipment_api/storage/logs/shipments/2026-03-20_010001.json
Summary:  Created: 1Starting daily upload to GitHub...
✓ Successfully uploaded to GitHub
Creating shipment for 2026-03-21...  ✓ Created shipment for 2026-03-21 - ZUO-87135352    ✓ Exported log: /var/www/html/php/laravel/laravel12/shipment_api/storage/logs/shipments/2026-03-21_010001.json
Summary:  Created: 1Starting daily upload to GitHub...
✓ Successfully uploaded to GitHub
Creating shipment for 2026-03-22...  ✓ Created shipment for 2026-03-22 - JWH-39822103    ✓ Exported log: /var/www/html/php/laravel/laravel12/shipment_api/storage/logs/shipments/2026-03-22_010001.json
Summary:  Created: 1Starting daily upload to GitHub...
✓ Successfully uploaded to GitHub
Creating shipment for 2026-03-23...  ✓ Created shipment for 2026-03-23 - SLF-13879378    ✓ Exported log: /var/www/html/php/laravel/laravel12/shipment_api/storage/logs/shipments/2026-03-23_010001.json
Summary:  Created: 1Starting daily upload to GitHub...
✓ Successfully uploaded to GitHub
Creating shipment for 2026-03-24...  ✓ Created shipment for 2026-03-24 - NZI-86210265    ✓ Exported log: /var/www/html/php/laravel/laravel12/shipment_api/storage/logs/shipments/2026-03-24_010001.json
Summary:  Created: 1Starting daily upload to GitHub...
✓ Successfully uploaded to GitHub
Creating shipment for 2026-03-25...  ✓ Created shipment for 2026-03-25 - IBX-22971930    ✓ Exported log: /var/www/html/php/laravel/laravel12/shipment_api/storage/logs/shipments/2026-03-25_010001.json
Summary:  Created: 1Starting daily upload to GitHub...
✓ Successfully uploaded to GitHub
Creating shipment for 2026-03-26...  ✓ Created shipment for 2026-03-26 - PLZ-53521269    ✓ Exported log: /var/www/html/php/laravel/laravel12/shipment_api/storage/logs/shipments/2026-03-26_010001.json
Summary:  Created: 1Starting daily upload to GitHub...
✓ Successfully uploaded to GitHub
Creating shipment for 2026-03-27...  ✓ Created shipment for 2026-03-27 - MZM-83039809    ✓ Exported log: /var/www/html/php/laravel/laravel12/shipment_api/storage/logs/shipments/2026-03-27_010001.json
Summary:  Created: 1Starting daily upload to GitHub...
✓ Successfully uploaded to GitHub
Creating shipment for 2026-03-28...  ✓ Created shipment for 2026-03-28 - PFM-82817887    ✓ Exported log: /var/www/html/php/laravel/laravel12/shipment_api/storage/logs/shipments/2026-03-28_010001.json
Summary:  Created: 1Starting daily upload to GitHub...
✓ Successfully uploaded to GitHub
Creating shipment for 2026-03-29...  ✓ Created shipment for 2026-03-29 - IGL-68110515    ✓ Exported log: /var/www/html/php/laravel/laravel12/shipment_api/storage/logs/shipments/2026-03-29_010001.json
Summary:  Created: 1Starting daily upload to GitHub...
✓ Successfully uploaded to GitHub
Creating shipment for 2026-03-30...  ✓ Created shipment for 2026-03-30 - PBD-46373978    ✓ Exported log: /var/www/html/php/laravel/laravel12/shipment_api/storage/logs/shipments/2026-03-30_010001.json
Summary:  Created: 1Starting daily upload to GitHub...
✓ Successfully uploaded to GitHub
Creating shipment for 2026-03-31...  ✓ Created shipment for 2026-03-31 - WL7-18418420    ✓ Exported log: /var/www/html/php/laravel/laravel12/shipment_api/storage/logs/shipments/2026-03-31_010001.json
Summary:  Created: 1Starting daily upload to GitHub...
✓ Successfully uploaded to GitHub
Creating shipment for 2026-04-01...  ✓ Created shipment for 2026-04-01 - CR4-36457687    ✓ Exported log: /var/www/html/php/laravel/laravel12/shipment_api/storage/logs/shipments/2026-04-01_010001.json
Summary:  Created: 1Starting daily upload to GitHub...
✓ Successfully uploaded to GitHub
Creating shipment for 2026-04-02...  ✓ Created shipment for 2026-04-02 - KQE-88301831    ✓ Exported log: /var/www/html/php/laravel/laravel12/shipment_api/storage/logs/shipments/2026-04-02_010002.json
Summary:  Created: 1Starting daily upload to GitHub...
✓ Successfully uploaded to GitHub
Creating shipment for 2026-04-03...  ✓ Created shipment for 2026-04-03 - OJ8-79220774    ✓ Exported log: /var/www/html/php/laravel/laravel12/shipment_api/storage/logs/shipments/2026-04-03_010001.json
Summary:  Created: 1Starting daily upload to GitHub...
✓ Successfully uploaded to GitHub
Creating shipment for 2026-04-04...  ✓ Created shipment for 2026-04-04 - FFE-40928033    ✓ Exported log: /var/www/html/php/laravel/laravel12/shipment_api/storage/logs/shipments/2026-04-04_010001.json
Summary:  Created: 1Starting daily upload to GitHub...
✓ Successfully uploaded to GitHub
Creating shipment for 2026-04-05...  ✓ Created shipment for 2026-04-05 - ODB-44560641    ✓ Exported log: /var/www/html/php/laravel/laravel12/shipment_api/storage/logs/shipments/2026-04-05_010001.json
Summary:  Created: 1Starting daily upload to GitHub...
✓ Successfully uploaded to GitHub
Creating shipment for 2026-04-06...  ✓ Created shipment for 2026-04-06 - X1D-69654751    ✓ Exported log: /var/www/html/php/laravel/laravel12/shipment_api/storage/logs/shipments/2026-04-06_010001.json
Summary:  Created: 1Starting daily upload to GitHub...
